Calling target program-options parser
[19:26:42.854] [bmv2] [D] [thread 51037] Set default default entry for table 'tbl_src145': src145 - 
[19:26:42.854] [bmv2] [D] [thread 51037] Set default default entry for table 'tbl_src149': src149 - 
[19:26:42.854] [bmv2] [D] [thread 51037] Set default default entry for table 'MyIngress.ipv4_lpm': MyIngress.drop - 
[19:26:42.855] [bmv2] [D] [thread 51037] Set default default entry for table 'tbl_src185': src185 - 
[19:26:42.855] [bmv2] [D] [thread 51037] Set default default entry for table 'tbl_src180': src180 - 
[19:26:42.855] [bmv2] [D] [thread 51037] Set default default entry for table 'tbl_src189': src189 - 
[19:26:42.855] [bmv2] [D] [thread 51037] Set default default entry for table 'MyEgress.debug_table': NoAction - 
Adding interface s1-eth1 as port 1
[19:26:42.857] [bmv2] [D] [thread 51037] Adding interface s1-eth1 as port 1
Adding interface s1-eth2 as port 2
[19:26:42.886] [bmv2] [D] [thread 51037] Adding interface s1-eth2 as port 2
Adding interface s1-eth3 as port 3
[19:26:42.926] [bmv2] [D] [thread 51037] Adding interface s1-eth3 as port 3
Server listening on 0.0.0.0:9559
[19:26:42.956] [bmv2] [I] [thread 51037] Starting Thrift server on port 9090
[19:26:42.957] [bmv2] [I] [thread 51037] Thrift server was started
[19:26:43.145] [bmv2] [D] [thread 51140] [0.0] [cxt 0] Processing packet received on port 2
[19:26:43.145] [bmv2] [D] [thread 51140] [0.0] [cxt 0] Parser 'parser': start
[19:26:43.145] [bmv2] [D] [thread 51140] [0.0] [cxt 0] Parser 'parser' entering state 'start'
[19:26:43.145] [bmv2] [D] [thread 51140] [0.0] [cxt 0] Extracting header 'ethernet'
[19:26:43.145] [bmv2] [D] [thread 51140] [0.0] [cxt 0] Parser state 'start': key is 86dd
[19:26:43.145] [bmv2] [T] [thread 51140] [0.0] [cxt 0] Bytes parsed: 14
[19:26:43.145] [bmv2] [D] [thread 51140] [0.0] [cxt 0] Parser 'parser': end
[19:26:43.145] [bmv2] [D] [thread 51140] [0.0] [cxt 0] Pipeline 'ingress': start
[19:26:43.145] [bmv2] [T] [thread 51140] [0.0] [cxt 0] /home/sayanide/Projects/NEW/P1/p4src/src.p4(144) Condition "meta.queue_size < standard_metadata.deq_qdepth && meta.queue_size > 0" (node_2) is false
[19:26:43.145] [bmv2] [T] [thread 51140] [0.0] [cxt 0] /home/sayanide/Projects/NEW/P1/p4src/src.p4(148) Condition "hdr.ipv4.isValid()" (node_4) is false
[19:26:43.145] [bmv2] [D] [thread 51140] [0.0] [cxt 0] Pipeline 'ingress': end
[19:26:43.145] [bmv2] [D] [thread 51140] [0.0] [cxt 0] Egress port is 0
[19:26:43.145] [bmv2] [D] [thread 51140] [1.0] [cxt 0] Processing packet received on port 1
[19:26:43.145] [bmv2] [D] [thread 51140] [1.0] [cxt 0] Parser 'parser': start
[19:26:43.145] [bmv2] [D] [thread 51140] [1.0] [cxt 0] Parser 'parser' entering state 'start'
[19:26:43.145] [bmv2] [D] [thread 51140] [1.0] [cxt 0] Extracting header 'ethernet'
[19:26:43.145] [bmv2] [D] [thread 51140] [1.0] [cxt 0] Parser state 'start': key is 86dd
[19:26:43.145] [bmv2] [T] [thread 51140] [1.0] [cxt 0] Bytes parsed: 14
[19:26:43.145] [bmv2] [D] [thread 51141] [0.0] [cxt 0] Pipeline 'egress': start
[19:26:43.145] [bmv2] [D] [thread 51140] [1.0] [cxt 0] Parser 'parser': end
[19:26:43.146] [bmv2] [T] [thread 51141] [0.0] [cxt 0] /home/sayanide/Projects/NEW/P1/p4src/src.p4(179) Condition "hdr.time.isValid()" (node_9) is false
[19:26:43.146] [bmv2] [D] [thread 51140] [1.0] [cxt 0] Pipeline 'ingress': start
[19:26:43.146] [bmv2] [T] [thread 51141] [0.0] [cxt 0] Applying table 'tbl_src180'
[19:26:43.146] [bmv2] [T] [thread 51140] [1.0] [cxt 0] /home/sayanide/Projects/NEW/P1/p4src/src.p4(144) Condition "meta.queue_size < standard_metadata.deq_qdepth && meta.queue_size > 0" (node_2) is false
[19:26:43.146] [bmv2] [D] [thread 51141] [0.0] [cxt 0] Looking up key:

[19:26:43.146] [bmv2] [T] [thread 51140] [1.0] [cxt 0] /home/sayanide/Projects/NEW/P1/p4src/src.p4(148) Condition "hdr.ipv4.isValid()" (node_4) is false
[19:26:43.146] [bmv2] [D] [thread 51141] [0.0] [cxt 0] Table 'tbl_src180': miss
[19:26:43.146] [bmv2] [D] [thread 51140] [1.0] [cxt 0] Pipeline 'ingress': end
[19:26:43.146] [bmv2] [D] [thread 51141] [0.0] [cxt 0] Action entry is src180 - 
[19:26:43.146] [bmv2] [D] [thread 51140] [1.0] [cxt 0] Egress port is 0
[19:26:43.146] [bmv2] [T] [thread 51141] [0.0] [cxt 0] Action src180
[19:26:43.146] [bmv2] [T] [thread 51141] [0.0] [cxt 0] /home/sayanide/Projects/NEW/P1/p4src/src.p4(180) Primitive hdr.time.setValid()
[19:26:43.146] [bmv2] [T] [thread 51141] [0.0] [cxt 0] /home/sayanide/Projects/NEW/P1/p4src/src.p4(5) Primitive 0x800; ...
[19:26:43.146] [bmv2] [T] [thread 51141] [0.0] [cxt 0] /home/sayanide/Projects/NEW/P1/p4src/src.p4(182) Primitive hdr.time.time = standard_metadata.egress_global_timestamp - standard_metadata.ingress_global_timestamp
[19:26:43.146] [bmv2] [T] [thread 51141] [0.0] [cxt 0] Applying table 'tbl_src189'
[19:26:43.146] [bmv2] [D] [thread 51141] [0.0] [cxt 0] Looking up key:

[19:26:43.146] [bmv2] [D] [thread 51141] [0.0] [cxt 0] Table 'tbl_src189': miss
[19:26:43.146] [bmv2] [D] [thread 51141] [0.0] [cxt 0] Action entry is src189 - 
[19:26:43.146] [bmv2] [T] [thread 51141] [0.0] [cxt 0] Action src189
[19:26:43.146] [bmv2] [T] [thread 51141] [0.0] [cxt 0] /home/sayanide/Projects/NEW/P1/p4src/src.p4(189) Primitive meta.cur_persist_time = standard_metadata.egress_global_timestamp - standard_metadata.ingress_global_timestamp
[19:26:43.146] [bmv2] [T] [thread 51141] [0.0] [cxt 0] Applying table 'MyEgress.debug_table'
[19:26:43.146] [bmv2] [D] [thread 51141] [0.0] [cxt 0] Looking up key:
* hdr.ipv4.identification     : 0000
* hdr.ipv4.ttl                : 00
* hdr.ethernet.dstAddr        : 3333ff010202
* standard_metadata.deq_qdepth: 000000
* hdr.time.proto_id           : 0800
* hdr.time.time               : 0000000002f9
* meta.queue_size             : 000000
* meta.cur_persist_time       : 0000000002f9

[19:26:43.146] [bmv2] [D] [thread 51141] [0.0] [cxt 0] Table 'MyEgress.debug_table': miss
[19:26:43.146] [bmv2] [D] [thread 51141] [0.0] [cxt 0] Action entry is NoAction - 
[19:26:43.146] [bmv2] [T] [thread 51141] [0.0] [cxt 0] Action NoAction
[19:26:43.146] [bmv2] [D] [thread 51141] [0.0] [cxt 0] Pipeline 'egress': end
[19:26:43.146] [bmv2] [D] [thread 51141] [0.0] [cxt 0] Deparser 'deparser': start
[19:26:43.146] [bmv2] [T] [thread 51141] [0.0] [cxt 0] Skipping checksum 'cksum' update because condition not met
[19:26:43.146] [bmv2] [D] [thread 51141] [0.0] [cxt 0] Deparsing header 'ethernet'
[19:26:43.146] [bmv2] [D] [thread 51141] [0.0] [cxt 0] Deparsing header 'time'
[19:26:43.146] [bmv2] [D] [thread 51141] [0.0] [cxt 0] Deparser 'deparser': end
[19:26:43.146] [bmv2] [D] [thread 51141] [1.0] [cxt 0] Pipeline 'egress': start
[19:26:43.146] [bmv2] [T] [thread 51141] [1.0] [cxt 0] /home/sayanide/Projects/NEW/P1/p4src/src.p4(179) Condition "hdr.time.isValid()" (node_9) is false
[19:26:43.146] [bmv2] [T] [thread 51141] [1.0] [cxt 0] Applying table 'tbl_src180'
[19:26:43.146] [bmv2] [D] [thread 51141] [1.0] [cxt 0] Looking up key:

[19:26:43.146] [bmv2] [D] [thread 51141] [1.0] [cxt 0] Table 'tbl_src180': miss
[19:26:43.146] [bmv2] [D] [thread 51141] [1.0] [cxt 0] Action entry is src180 - 
[19:26:43.146] [bmv2] [T] [thread 51141] [1.0] [cxt 0] Action src180
[19:26:43.146] [bmv2] [T] [thread 51141] [1.0] [cxt 0] /home/sayanide/Projects/NEW/P1/p4src/src.p4(180) Primitive hdr.time.setValid()
[19:26:43.146] [bmv2] [D] [thread 51145] [0.0] [cxt 0] Transmitting packet of size 94 out of port 0
[19:26:43.146] [bmv2] [T] [thread 51141] [1.0] [cxt 0] /home/sayanide/Projects/NEW/P1/p4src/src.p4(5) Primitive 0x800; ...
[19:26:43.147] [bmv2] [T] [thread 51141] [1.0] [cxt 0] /home/sayanide/Projects/NEW/P1/p4src/src.p4(182) Primitive hdr.time.time = standard_metadata.egress_global_timestamp - standard_metadata.ingress_global_timestamp
[19:26:43.147] [bmv2] [T] [thread 51141] [1.0] [cxt 0] Applying table 'tbl_src189'
[19:26:43.147] [bmv2] [D] [thread 51141] [1.0] [cxt 0] Looking up key:

[19:26:43.147] [bmv2] [D] [thread 51141] [1.0] [cxt 0] Table 'tbl_src189': miss
[19:26:43.147] [bmv2] [D] [thread 51141] [1.0] [cxt 0] Action entry is src189 - 
[19:26:43.147] [bmv2] [T] [thread 51141] [1.0] [cxt 0] Action src189
[19:26:43.147] [bmv2] [T] [thread 51141] [1.0] [cxt 0] /home/sayanide/Projects/NEW/P1/p4src/src.p4(189) Primitive meta.cur_persist_time = standard_metadata.egress_global_timestamp - standard_metadata.ingress_global_timestamp
[19:26:43.147] [bmv2] [T] [thread 51141] [1.0] [cxt 0] Applying table 'MyEgress.debug_table'
[19:26:43.147] [bmv2] [D] [thread 51141] [1.0] [cxt 0] Looking up key:
* hdr.ipv4.identification     : 0000
* hdr.ipv4.ttl                : 00
* hdr.ethernet.dstAddr        : 3333ff010102
* standard_metadata.deq_qdepth: 000000
* hdr.time.proto_id           : 0800
* hdr.time.time               : 00000000049e
* meta.queue_size             : 000000
* meta.cur_persist_time       : 00000000049e

[19:26:43.147] [bmv2] [D] [thread 51141] [1.0] [cxt 0] Table 'MyEgress.debug_table': miss
[19:26:43.147] [bmv2] [D] [thread 51141] [1.0] [cxt 0] Action entry is NoAction - 
[19:26:43.147] [bmv2] [T] [thread 51141] [1.0] [cxt 0] Action NoAction
[19:26:43.147] [bmv2] [D] [thread 51141] [1.0] [cxt 0] Pipeline 'egress': end
[19:26:43.147] [bmv2] [D] [thread 51141] [1.0] [cxt 0] Deparser 'deparser': start
[19:26:43.147] [bmv2] [T] [thread 51141] [1.0] [cxt 0] Skipping checksum 'cksum' update because condition not met
[19:26:43.147] [bmv2] [D] [thread 51141] [1.0] [cxt 0] Deparsing header 'ethernet'
[19:26:43.147] [bmv2] [D] [thread 51141] [1.0] [cxt 0] Deparsing header 'time'
[19:26:43.147] [bmv2] [D] [thread 51141] [1.0] [cxt 0] Deparser 'deparser': end
[19:26:43.147] [bmv2] [D] [thread 51145] [1.0] [cxt 0] Transmitting packet of size 94 out of port 0
[19:26:43.475] [bmv2] [D] [thread 51249] Set default default entry for table 'tbl_src145': src145 - 
[19:26:43.475] [bmv2] [D] [thread 51249] Set default default entry for table 'tbl_src149': src149 - 
[19:26:43.475] [bmv2] [D] [thread 51249] Set default default entry for table 'MyIngress.ipv4_lpm': MyIngress.drop - 
[19:26:43.477] [bmv2] [D] [thread 51249] Set default default entry for table 'tbl_src185': src185 - 
[19:26:43.477] [bmv2] [D] [thread 51249] Set default default entry for table 'tbl_src180': src180 - 
[19:26:43.477] [bmv2] [D] [thread 51249] Set default default entry for table 'tbl_src189': src189 - 
[19:26:43.477] [bmv2] [D] [thread 51249] Set default default entry for table 'MyEgress.debug_table': NoAction - 
[19:26:43.479] [bmv2] [D] [thread 51249] simple_switch target has been notified of a config swap
[19:26:43.500] [bmv2] [D] [thread 51249] Entry 0 added to table 'MyIngress.ipv4_lpm'
[19:26:43.500] [bmv2] [D] [thread 51249] Dumping entry 0
Match key:
* hdr.ipv4.dstAddr    : LPM       0a010102/32
Action entry: MyIngress.ipv4_forward - a010102,1,

[19:26:43.501] [bmv2] [D] [thread 51257] Entry 1 added to table 'MyIngress.ipv4_lpm'
[19:26:43.501] [bmv2] [D] [thread 51257] Dumping entry 1
Match key:
* hdr.ipv4.dstAddr    : LPM       0a010202/32
Action entry: MyIngress.ipv4_forward - a010202,2,

[19:26:43.503] [bmv2] [D] [thread 51249] Entry 2 added to table 'MyIngress.ipv4_lpm'
[19:26:43.503] [bmv2] [D] [thread 51249] Dumping entry 2
Match key:
* hdr.ipv4.dstAddr    : LPM       0a020302/32
Action entry: MyIngress.ipv4_forward - 3ead0992a2dd,3,

[19:26:43.504] [bmv2] [D] [thread 51257] Entry 3 added to table 'MyIngress.ipv4_lpm'
[19:26:43.504] [bmv2] [D] [thread 51257] Dumping entry 3
Match key:
* hdr.ipv4.dstAddr    : LPM       0a020402/32
Action entry: MyIngress.ipv4_forward - 3ead0992a2dd,3,

[19:26:45.427] [bmv2] [D] [thread 51140] [2.0] [cxt 0] Processing packet received on port 1
[19:26:45.427] [bmv2] [D] [thread 51140] [2.0] [cxt 0] Parser 'parser': start
[19:26:45.427] [bmv2] [D] [thread 51140] [2.0] [cxt 0] Parser 'parser' entering state 'start'
[19:26:45.427] [bmv2] [D] [thread 51140] [2.0] [cxt 0] Extracting header 'ethernet'
[19:26:45.427] [bmv2] [D] [thread 51140] [2.0] [cxt 0] Parser state 'start': key is 0800
[19:26:45.427] [bmv2] [T] [thread 51140] [2.0] [cxt 0] Bytes parsed: 14
[19:26:45.427] [bmv2] [D] [thread 51140] [2.0] [cxt 0] Parser 'parser' entering state 'parse_ipv4'
[19:26:45.427] [bmv2] [D] [thread 51140] [2.0] [cxt 0] Extracting header 'ipv4'
[19:26:45.427] [bmv2] [D] [thread 51140] [2.0] [cxt 0] Extracting header 'time'
[19:26:45.427] [bmv2] [D] [thread 51140] [2.0] [cxt 0] Parser state 'parse_ipv4' has no switch, going to default next state
[19:26:45.427] [bmv2] [T] [thread 51140] [2.0] [cxt 0] Bytes parsed: 42
[19:26:45.427] [bmv2] [D] [thread 51140] [2.0] [cxt 0] Parser 'parser': end
[19:26:45.427] [bmv2] [D] [thread 51140] [2.0] [cxt 0] Pipeline 'ingress': start
[19:26:45.427] [bmv2] [T] [thread 51140] [2.0] [cxt 0] /home/sayanide/Projects/NEW/P1/p4src/src.p4(144) Condition "meta.queue_size < standard_metadata.deq_qdepth && meta.queue_size > 0" (node_2) is false
[19:26:45.428] [bmv2] [T] [thread 51140] [2.0] [cxt 0] /home/sayanide/Projects/NEW/P1/p4src/src.p4(148) Condition "hdr.ipv4.isValid()" (node_4) is true
[19:26:45.428] [bmv2] [T] [thread 51140] [2.0] [cxt 0] Applying table 'tbl_src149'
[19:26:45.428] [bmv2] [D] [thread 51140] [2.0] [cxt 0] Looking up key:

[19:26:45.428] [bmv2] [D] [thread 51140] [2.0] [cxt 0] Table 'tbl_src149': miss
[19:26:45.428] [bmv2] [D] [thread 51140] [2.0] [cxt 0] Action entry is src149 - 
[19:26:45.428] [bmv2] [T] [thread 51140] [2.0] [cxt 0] Action src149
[19:26:45.428] [bmv2] [T] [thread 51140] [2.0] [cxt 0] /home/sayanide/Projects/NEW/P1/p4src/src.p4(149) Primitive hdr.ipv4.dstAddr = 0x0a020302
[19:26:45.428] [bmv2] [T] [thread 51140] [2.0] [cxt 0] Applying table 'MyIngress.ipv4_lpm'
[19:26:45.428] [bmv2] [D] [thread 51140] [2.0] [cxt 0] Looking up key:
* hdr.ipv4.dstAddr    : 0a020302

[19:26:45.428] [bmv2] [D] [thread 51140] [2.0] [cxt 0] Table 'MyIngress.ipv4_lpm': hit with handle 2
[19:26:45.428] [bmv2] [D] [thread 51140] [2.0] [cxt 0] Dumping entry 2
Match key:
* hdr.ipv4.dstAddr    : LPM       0a020302/32
Action entry: MyIngress.ipv4_forward - 3ead0992a2dd,3,

[19:26:45.428] [bmv2] [D] [thread 51140] [2.0] [cxt 0] Action entry is MyIngress.ipv4_forward - 3ead0992a2dd,3,
[19:26:45.428] [bmv2] [T] [thread 51140] [2.0] [cxt 0] Action MyIngress.ipv4_forward
[19:26:45.428] [bmv2] [T] [thread 51140] [2.0] [cxt 0] /home/sayanide/Projects/NEW/P1/p4src/src.p4(110) Primitive hdr.ethernet.srcAddr = hdr.ethernet.dstAddr
[19:26:45.428] [bmv2] [T] [thread 51140] [2.0] [cxt 0] /home/sayanide/Projects/NEW/P1/p4src/src.p4(111) Primitive hdr.ethernet.dstAddr = dstAddr
[19:26:45.428] [bmv2] [T] [thread 51140] [2.0] [cxt 0] /home/sayanide/Projects/NEW/P1/p4src/src.p4(112) Primitive standard_metadata.egress_spec = port
[19:26:45.428] [bmv2] [T] [thread 51140] [2.0] [cxt 0] /home/sayanide/Projects/NEW/P1/p4src/src.p4(113) Primitive hdr.ipv4.ttl = hdr.ipv4.ttl - 1
[19:26:45.428] [bmv2] [D] [thread 51140] [2.0] [cxt 0] Pipeline 'ingress': end
[19:26:45.428] [bmv2] [D] [thread 51140] [2.0] [cxt 0] Egress port is 3
[19:26:45.428] [bmv2] [D] [thread 51144] [2.0] [cxt 0] Pipeline 'egress': start
[19:26:45.428] [bmv2] [T] [thread 51144] [2.0] [cxt 0] /home/sayanide/Projects/NEW/P1/p4src/src.p4(179) Condition "hdr.time.isValid()" (node_9) is true
[19:26:45.428] [bmv2] [T] [thread 51144] [2.0] [cxt 0] Applying table 'tbl_src185'
[19:26:45.428] [bmv2] [D] [thread 51144] [2.0] [cxt 0] Looking up key:

[19:26:45.428] [bmv2] [D] [thread 51144] [2.0] [cxt 0] Table 'tbl_src185': miss
[19:26:45.428] [bmv2] [D] [thread 51144] [2.0] [cxt 0] Action entry is src185 - 
[19:26:45.428] [bmv2] [T] [thread 51144] [2.0] [cxt 0] Action src185
[19:26:45.428] [bmv2] [T] [thread 51144] [2.0] [cxt 0] /home/sayanide/Projects/NEW/P1/p4src/src.p4(185) Primitive hdr.time.time = hdr.time.time + (standard_metadata.egress_global_timestamp - standard_metadata.ingress_global_timestamp)
[19:26:45.428] [bmv2] [T] [thread 51144] [2.0] [cxt 0] /home/sayanide/Projects/NEW/P1/p4src/src.p4(186) Primitive meta.queue_size = (bit<19>)(hdr.time.time / (0x40))
[19:26:45.428] [bmv2] [T] [thread 51144] [2.0] [cxt 0] Applying table 'tbl_src189'
[19:26:45.428] [bmv2] [D] [thread 51144] [2.0] [cxt 0] Looking up key:

[19:26:45.428] [bmv2] [D] [thread 51144] [2.0] [cxt 0] Table 'tbl_src189': miss
[19:26:45.428] [bmv2] [D] [thread 51144] [2.0] [cxt 0] Action entry is src189 - 
[19:26:45.428] [bmv2] [T] [thread 51144] [2.0] [cxt 0] Action src189
[19:26:45.428] [bmv2] [T] [thread 51144] [2.0] [cxt 0] /home/sayanide/Projects/NEW/P1/p4src/src.p4(189) Primitive meta.cur_persist_time = standard_metadata.egress_global_timestamp - standard_metadata.ingress_global_timestamp
[19:26:45.428] [bmv2] [T] [thread 51144] [2.0] [cxt 0] Applying table 'MyEgress.debug_table'
[19:26:45.429] [bmv2] [D] [thread 51144] [2.0] [cxt 0] Looking up key:
* hdr.ipv4.identification     : 6d63
* hdr.ipv4.ttl                : 3f
* hdr.ethernet.dstAddr        : 3ead0992a2dd
* standard_metadata.deq_qdepth: 000000
* hdr.time.proto_id           : 0800
* hdr.time.time               : 3edec84c03bf
* meta.queue_size             : 01300e
* meta.cur_persist_time       : 0000000003be

[19:26:45.429] [bmv2] [D] [thread 51144] [2.0] [cxt 0] Table 'MyEgress.debug_table': miss
[19:26:45.429] [bmv2] [D] [thread 51144] [2.0] [cxt 0] Action entry is NoAction - 
[19:26:45.429] [bmv2] [T] [thread 51144] [2.0] [cxt 0] Action NoAction
[19:26:45.429] [bmv2] [D] [thread 51144] [2.0] [cxt 0] Pipeline 'egress': end
[19:26:45.429] [bmv2] [D] [thread 51144] [2.0] [cxt 0] Deparser 'deparser': start
[19:26:45.429] [bmv2] [D] [thread 51144] [2.0] [cxt 0] Updating checksum 'cksum'
[19:26:45.429] [bmv2] [D] [thread 51144] [2.0] [cxt 0] Deparsing header 'ethernet'
[19:26:45.429] [bmv2] [D] [thread 51144] [2.0] [cxt 0] Deparsing header 'time'
[19:26:45.429] [bmv2] [D] [thread 51144] [2.0] [cxt 0] Deparsing header 'ipv4'
[19:26:45.429] [bmv2] [D] [thread 51144] [2.0] [cxt 0] Deparser 'deparser': end
[19:26:45.429] [bmv2] [D] [thread 51145] [2.0] [cxt 0] Transmitting packet of size 98 out of port 3
[19:26:46.444] [bmv2] [D] [thread 51140] [3.0] [cxt 0] Processing packet received on port 1
[19:26:46.444] [bmv2] [D] [thread 51140] [3.0] [cxt 0] Parser 'parser': start
[19:26:46.444] [bmv2] [D] [thread 51140] [3.0] [cxt 0] Parser 'parser' entering state 'start'
[19:26:46.444] [bmv2] [D] [thread 51140] [3.0] [cxt 0] Extracting header 'ethernet'
[19:26:46.444] [bmv2] [D] [thread 51140] [3.0] [cxt 0] Parser state 'start': key is 0800
[19:26:46.444] [bmv2] [T] [thread 51140] [3.0] [cxt 0] Bytes parsed: 14
[19:26:46.444] [bmv2] [D] [thread 51140] [3.0] [cxt 0] Parser 'parser' entering state 'parse_ipv4'
[19:26:46.444] [bmv2] [D] [thread 51140] [3.0] [cxt 0] Extracting header 'ipv4'
[19:26:46.444] [bmv2] [D] [thread 51140] [3.0] [cxt 0] Extracting header 'time'
[19:26:46.444] [bmv2] [D] [thread 51140] [3.0] [cxt 0] Parser state 'parse_ipv4' has no switch, going to default next state
[19:26:46.444] [bmv2] [T] [thread 51140] [3.0] [cxt 0] Bytes parsed: 42
[19:26:46.444] [bmv2] [D] [thread 51140] [3.0] [cxt 0] Parser 'parser': end
[19:26:46.444] [bmv2] [D] [thread 51140] [3.0] [cxt 0] Pipeline 'ingress': start
[19:26:46.444] [bmv2] [T] [thread 51140] [3.0] [cxt 0] /home/sayanide/Projects/NEW/P1/p4src/src.p4(144) Condition "meta.queue_size < standard_metadata.deq_qdepth && meta.queue_size > 0" (node_2) is false
[19:26:46.444] [bmv2] [T] [thread 51140] [3.0] [cxt 0] /home/sayanide/Projects/NEW/P1/p4src/src.p4(148) Condition "hdr.ipv4.isValid()" (node_4) is true
[19:26:46.444] [bmv2] [T] [thread 51140] [3.0] [cxt 0] Applying table 'tbl_src149'
[19:26:46.444] [bmv2] [D] [thread 51140] [3.0] [cxt 0] Looking up key:

[19:26:46.444] [bmv2] [D] [thread 51140] [3.0] [cxt 0] Table 'tbl_src149': miss
[19:26:46.444] [bmv2] [D] [thread 51140] [3.0] [cxt 0] Action entry is src149 - 
[19:26:46.444] [bmv2] [T] [thread 51140] [3.0] [cxt 0] Action src149
[19:26:46.444] [bmv2] [T] [thread 51140] [3.0] [cxt 0] /home/sayanide/Projects/NEW/P1/p4src/src.p4(149) Primitive hdr.ipv4.dstAddr = 0x0a020302
[19:26:46.445] [bmv2] [T] [thread 51140] [3.0] [cxt 0] Applying table 'MyIngress.ipv4_lpm'
[19:26:46.445] [bmv2] [D] [thread 51140] [3.0] [cxt 0] Looking up key:
* hdr.ipv4.dstAddr    : 0a020302

[19:26:46.445] [bmv2] [D] [thread 51140] [3.0] [cxt 0] Table 'MyIngress.ipv4_lpm': hit with handle 2
[19:26:46.445] [bmv2] [D] [thread 51140] [3.0] [cxt 0] Dumping entry 2
Match key:
* hdr.ipv4.dstAddr    : LPM       0a020302/32
Action entry: MyIngress.ipv4_forward - 3ead0992a2dd,3,

[19:26:46.445] [bmv2] [D] [thread 51140] [3.0] [cxt 0] Action entry is MyIngress.ipv4_forward - 3ead0992a2dd,3,
[19:26:46.445] [bmv2] [T] [thread 51140] [3.0] [cxt 0] Action MyIngress.ipv4_forward
[19:26:46.445] [bmv2] [T] [thread 51140] [3.0] [cxt 0] /home/sayanide/Projects/NEW/P1/p4src/src.p4(110) Primitive hdr.ethernet.srcAddr = hdr.ethernet.dstAddr
[19:26:46.445] [bmv2] [T] [thread 51140] [3.0] [cxt 0] /home/sayanide/Projects/NEW/P1/p4src/src.p4(111) Primitive hdr.ethernet.dstAddr = dstAddr
[19:26:46.445] [bmv2] [T] [thread 51140] [3.0] [cxt 0] /home/sayanide/Projects/NEW/P1/p4src/src.p4(112) Primitive standard_metadata.egress_spec = port
[19:26:46.445] [bmv2] [T] [thread 51140] [3.0] [cxt 0] /home/sayanide/Projects/NEW/P1/p4src/src.p4(113) Primitive hdr.ipv4.ttl = hdr.ipv4.ttl - 1
[19:26:46.445] [bmv2] [D] [thread 51140] [3.0] [cxt 0] Pipeline 'ingress': end
[19:26:46.445] [bmv2] [D] [thread 51140] [3.0] [cxt 0] Egress port is 3
[19:26:46.445] [bmv2] [D] [thread 51144] [3.0] [cxt 0] Pipeline 'egress': start
[19:26:46.445] [bmv2] [T] [thread 51144] [3.0] [cxt 0] /home/sayanide/Projects/NEW/P1/p4src/src.p4(179) Condition "hdr.time.isValid()" (node_9) is true
[19:26:46.445] [bmv2] [T] [thread 51144] [3.0] [cxt 0] Applying table 'tbl_src185'
[19:26:46.445] [bmv2] [D] [thread 51144] [3.0] [cxt 0] Looking up key:

[19:26:46.445] [bmv2] [D] [thread 51144] [3.0] [cxt 0] Table 'tbl_src185': miss
[19:26:46.445] [bmv2] [D] [thread 51144] [3.0] [cxt 0] Action entry is src185 - 
[19:26:46.445] [bmv2] [T] [thread 51144] [3.0] [cxt 0] Action src185
[19:26:46.445] [bmv2] [T] [thread 51144] [3.0] [cxt 0] /home/sayanide/Projects/NEW/P1/p4src/src.p4(185) Primitive hdr.time.time = hdr.time.time + (standard_metadata.egress_global_timestamp - standard_metadata.ingress_global_timestamp)
[19:26:46.445] [bmv2] [T] [thread 51144] [3.0] [cxt 0] /home/sayanide/Projects/NEW/P1/p4src/src.p4(186) Primitive meta.queue_size = (bit<19>)(hdr.time.time / (0x40))
[19:26:46.445] [bmv2] [T] [thread 51144] [3.0] [cxt 0] Applying table 'tbl_src189'
[19:26:46.445] [bmv2] [D] [thread 51144] [3.0] [cxt 0] Looking up key:

[19:26:46.445] [bmv2] [D] [thread 51144] [3.0] [cxt 0] Table 'tbl_src189': miss
[19:26:46.445] [bmv2] [D] [thread 51144] [3.0] [cxt 0] Action entry is src189 - 
[19:26:46.445] [bmv2] [T] [thread 51144] [3.0] [cxt 0] Action src189
[19:26:46.445] [bmv2] [T] [thread 51144] [3.0] [cxt 0] /home/sayanide/Projects/NEW/P1/p4src/src.p4(189) Primitive meta.cur_persist_time = standard_metadata.egress_global_timestamp - standard_metadata.ingress_global_timestamp
[19:26:46.445] [bmv2] [T] [thread 51144] [3.0] [cxt 0] Applying table 'MyEgress.debug_table'
[19:26:46.445] [bmv2] [D] [thread 51144] [3.0] [cxt 0] Looking up key:
* hdr.ipv4.identification     : 6d93
* hdr.ipv4.ttl                : 3f
* hdr.ethernet.dstAddr        : 3ead0992a2dd
* standard_metadata.deq_qdepth: 000000
* hdr.time.proto_id           : 0800
* hdr.time.time               : 049ac84c01fc
* meta.queue_size             : 013007
* meta.cur_persist_time       : 0000000001fa

[19:26:46.445] [bmv2] [D] [thread 51144] [3.0] [cxt 0] Table 'MyEgress.debug_table': miss
[19:26:46.445] [bmv2] [D] [thread 51144] [3.0] [cxt 0] Action entry is NoAction - 
[19:26:46.445] [bmv2] [T] [thread 51144] [3.0] [cxt 0] Action NoAction
[19:26:46.445] [bmv2] [D] [thread 51144] [3.0] [cxt 0] Pipeline 'egress': end
[19:26:46.445] [bmv2] [D] [thread 51144] [3.0] [cxt 0] Deparser 'deparser': start
[19:26:46.445] [bmv2] [D] [thread 51144] [3.0] [cxt 0] Updating checksum 'cksum'
[19:26:46.445] [bmv2] [D] [thread 51144] [3.0] [cxt 0] Deparsing header 'ethernet'
[19:26:46.445] [bmv2] [D] [thread 51144] [3.0] [cxt 0] Deparsing header 'time'
[19:26:46.445] [bmv2] [D] [thread 51144] [3.0] [cxt 0] Deparsing header 'ipv4'
[19:26:46.445] [bmv2] [D] [thread 51144] [3.0] [cxt 0] Deparser 'deparser': end
[19:26:46.445] [bmv2] [D] [thread 51145] [3.0] [cxt 0] Transmitting packet of size 98 out of port 3
[19:26:47.465] [bmv2] [D] [thread 51140] [4.0] [cxt 0] Processing packet received on port 1
[19:26:47.465] [bmv2] [D] [thread 51140] [4.0] [cxt 0] Parser 'parser': start
[19:26:47.465] [bmv2] [D] [thread 51140] [4.0] [cxt 0] Parser 'parser' entering state 'start'
[19:26:47.465] [bmv2] [D] [thread 51140] [4.0] [cxt 0] Extracting header 'ethernet'
[19:26:47.465] [bmv2] [D] [thread 51140] [4.0] [cxt 0] Parser state 'start': key is 0800
[19:26:47.465] [bmv2] [T] [thread 51140] [4.0] [cxt 0] Bytes parsed: 14
[19:26:47.465] [bmv2] [D] [thread 51140] [4.0] [cxt 0] Parser 'parser' entering state 'parse_ipv4'
[19:26:47.465] [bmv2] [D] [thread 51140] [4.0] [cxt 0] Extracting header 'ipv4'
[19:26:47.465] [bmv2] [D] [thread 51140] [4.0] [cxt 0] Extracting header 'time'
[19:26:47.465] [bmv2] [D] [thread 51140] [4.0] [cxt 0] Parser state 'parse_ipv4' has no switch, going to default next state
[19:26:47.465] [bmv2] [T] [thread 51140] [4.0] [cxt 0] Bytes parsed: 42
[19:26:47.465] [bmv2] [D] [thread 51140] [4.0] [cxt 0] Parser 'parser': end
[19:26:47.465] [bmv2] [D] [thread 51140] [4.0] [cxt 0] Pipeline 'ingress': start
[19:26:47.465] [bmv2] [T] [thread 51140] [4.0] [cxt 0] /home/sayanide/Projects/NEW/P1/p4src/src.p4(144) Condition "meta.queue_size < standard_metadata.deq_qdepth && meta.queue_size > 0" (node_2) is false
[19:26:47.465] [bmv2] [T] [thread 51140] [4.0] [cxt 0] /home/sayanide/Projects/NEW/P1/p4src/src.p4(148) Condition "hdr.ipv4.isValid()" (node_4) is true
[19:26:47.465] [bmv2] [T] [thread 51140] [4.0] [cxt 0] Applying table 'tbl_src149'
[19:26:47.465] [bmv2] [D] [thread 51140] [4.0] [cxt 0] Looking up key:

[19:26:47.465] [bmv2] [D] [thread 51140] [4.0] [cxt 0] Table 'tbl_src149': miss
[19:26:47.465] [bmv2] [D] [thread 51140] [4.0] [cxt 0] Action entry is src149 - 
[19:26:47.465] [bmv2] [T] [thread 51140] [4.0] [cxt 0] Action src149
[19:26:47.465] [bmv2] [T] [thread 51140] [4.0] [cxt 0] /home/sayanide/Projects/NEW/P1/p4src/src.p4(149) Primitive hdr.ipv4.dstAddr = 0x0a020302
[19:26:47.465] [bmv2] [T] [thread 51140] [4.0] [cxt 0] Applying table 'MyIngress.ipv4_lpm'
[19:26:47.465] [bmv2] [D] [thread 51140] [4.0] [cxt 0] Looking up key:
* hdr.ipv4.dstAddr    : 0a020302

[19:26:47.465] [bmv2] [D] [thread 51140] [4.0] [cxt 0] Table 'MyIngress.ipv4_lpm': hit with handle 2
[19:26:47.465] [bmv2] [D] [thread 51140] [4.0] [cxt 0] Dumping entry 2
Match key:
* hdr.ipv4.dstAddr    : LPM       0a020302/32
Action entry: MyIngress.ipv4_forward - 3ead0992a2dd,3,

[19:26:47.465] [bmv2] [D] [thread 51140] [4.0] [cxt 0] Action entry is MyIngress.ipv4_forward - 3ead0992a2dd,3,
[19:26:47.465] [bmv2] [T] [thread 51140] [4.0] [cxt 0] Action MyIngress.ipv4_forward
[19:26:47.465] [bmv2] [T] [thread 51140] [4.0] [cxt 0] /home/sayanide/Projects/NEW/P1/p4src/src.p4(110) Primitive hdr.ethernet.srcAddr = hdr.ethernet.dstAddr
[19:26:47.465] [bmv2] [T] [thread 51140] [4.0] [cxt 0] /home/sayanide/Projects/NEW/P1/p4src/src.p4(111) Primitive hdr.ethernet.dstAddr = dstAddr
[19:26:47.465] [bmv2] [T] [thread 51140] [4.0] [cxt 0] /home/sayanide/Projects/NEW/P1/p4src/src.p4(112) Primitive standard_metadata.egress_spec = port
[19:26:47.465] [bmv2] [T] [thread 51140] [4.0] [cxt 0] /home/sayanide/Projects/NEW/P1/p4src/src.p4(113) Primitive hdr.ipv4.ttl = hdr.ipv4.ttl - 1
[19:26:47.465] [bmv2] [D] [thread 51140] [4.0] [cxt 0] Pipeline 'ingress': end
[19:26:47.465] [bmv2] [D] [thread 51140] [4.0] [cxt 0] Egress port is 3
[19:26:47.466] [bmv2] [D] [thread 51144] [4.0] [cxt 0] Pipeline 'egress': start
[19:26:47.466] [bmv2] [T] [thread 51144] [4.0] [cxt 0] /home/sayanide/Projects/NEW/P1/p4src/src.p4(179) Condition "hdr.time.isValid()" (node_9) is true
[19:26:47.466] [bmv2] [T] [thread 51144] [4.0] [cxt 0] Applying table 'tbl_src185'
[19:26:47.466] [bmv2] [D] [thread 51144] [4.0] [cxt 0] Looking up key:

[19:26:47.466] [bmv2] [D] [thread 51144] [4.0] [cxt 0] Table 'tbl_src185': miss
[19:26:47.466] [bmv2] [D] [thread 51144] [4.0] [cxt 0] Action entry is src185 - 
[19:26:47.466] [bmv2] [T] [thread 51144] [4.0] [cxt 0] Action src185
[19:26:47.466] [bmv2] [T] [thread 51144] [4.0] [cxt 0] /home/sayanide/Projects/NEW/P1/p4src/src.p4(185) Primitive hdr.time.time = hdr.time.time + (standard_metadata.egress_global_timestamp - standard_metadata.ingress_global_timestamp)
[19:26:47.466] [bmv2] [T] [thread 51144] [4.0] [cxt 0] /home/sayanide/Projects/NEW/P1/p4src/src.p4(186) Primitive meta.queue_size = (bit<19>)(hdr.time.time / (0x40))
[19:26:47.466] [bmv2] [T] [thread 51144] [4.0] [cxt 0] Applying table 'tbl_src189'
[19:26:47.466] [bmv2] [D] [thread 51144] [4.0] [cxt 0] Looking up key:

[19:26:47.466] [bmv2] [D] [thread 51144] [4.0] [cxt 0] Table 'tbl_src189': miss
[19:26:47.466] [bmv2] [D] [thread 51144] [4.0] [cxt 0] Action entry is src189 - 
[19:26:47.466] [bmv2] [T] [thread 51144] [4.0] [cxt 0] Action src189
[19:26:47.466] [bmv2] [T] [thread 51144] [4.0] [cxt 0] /home/sayanide/Projects/NEW/P1/p4src/src.p4(189) Primitive meta.cur_persist_time = standard_metadata.egress_global_timestamp - standard_metadata.ingress_global_timestamp
[19:26:47.466] [bmv2] [T] [thread 51144] [4.0] [cxt 0] Applying table 'MyEgress.debug_table'
[19:26:47.466] [bmv2] [D] [thread 51144] [4.0] [cxt 0] Looking up key:
* hdr.ipv4.identification     : 6d95
* hdr.ipv4.ttl                : 3f
* hdr.ethernet.dstAddr        : 3ead0992a2dd
* standard_metadata.deq_qdepth: 000000
* hdr.time.proto_id           : 0800
* hdr.time.time               : c64ac84c04b1
* meta.queue_size             : 013012
* meta.cur_persist_time       : 0000000004ae

[19:26:47.466] [bmv2] [D] [thread 51144] [4.0] [cxt 0] Table 'MyEgress.debug_table': miss
[19:26:47.466] [bmv2] [D] [thread 51144] [4.0] [cxt 0] Action entry is NoAction - 
[19:26:47.466] [bmv2] [T] [thread 51144] [4.0] [cxt 0] Action NoAction
[19:26:47.466] [bmv2] [D] [thread 51144] [4.0] [cxt 0] Pipeline 'egress': end
[19:26:47.466] [bmv2] [D] [thread 51144] [4.0] [cxt 0] Deparser 'deparser': start
[19:26:47.466] [bmv2] [D] [thread 51144] [4.0] [cxt 0] Updating checksum 'cksum'
[19:26:47.466] [bmv2] [D] [thread 51144] [4.0] [cxt 0] Deparsing header 'ethernet'
[19:26:47.466] [bmv2] [D] [thread 51144] [4.0] [cxt 0] Deparsing header 'time'
[19:26:47.466] [bmv2] [D] [thread 51144] [4.0] [cxt 0] Deparsing header 'ipv4'
[19:26:47.467] [bmv2] [D] [thread 51144] [4.0] [cxt 0] Deparser 'deparser': end
[19:26:47.467] [bmv2] [D] [thread 51145] [4.0] [cxt 0] Transmitting packet of size 98 out of port 3
